[LOG] 스코어링 코드 실행, 기준년월 = 201206, 장르:범죄
[LOG] 분석마트 적재 시작, 기준년월 = 201206, 시작시간 = 20230316 18:00:53
[LOG] 분석마트 적재 완료, 기준년월 = 201206, 완료시간 = 20230316 18:01:04, 소요시간 = 0:00:10.896782, 행수 = 56988, 컬럼 수 = 274
[LOG] 분석마트 전처리 및 인풋마트 적재 시작, 기준년월 = 201206, 시작시간 = 20230316 18:01:04
[LOG] 분석마트 전처리 및 인풋마트 적재 완료, 기준년월 = 201206, 완료시간 = 20230316 18:01:04, 소요시간 = 0:00:00.437159, 행수 = 4749, 컬럼 수 = 274
[LOG] 모델로드 시작, 기준년월 = 201206, 시작시간 = 20230316 18:01:04
[LOG] 모델로드 완료, 기준년월 = 201206, 완료시간 = 20230316 18:01:05, 소요시간 = 0:00:00.343161
[LOG] 모델 예측용 Input_X 형성 시작, 기준년월 = 201206, 시작시간 = 20230316 18:01:05
[LOG] 모델 예측용 Input_X 형성 완료, 기준년월 = 201206, 완료시간 = 20230316 18:01:05, 소요시간 = 0:00:00.015684, 행수:4749, 컬럼 수 = 272
[LOG] 모델예측 시작, 기준년월 = 201206, 시작시간 = 20230316 18:01:05
[LOG] 모델예측 완료, 기준년월 = 201206, 완료시간 = 20230316 18:01:05, 소요시간 = 0:00:00.451280, 결과 데이터 길이 = 4749, 결과 데이터 행수= 3
[LOG] 모델결과 적재시작, 기준년월 = 201206, 시작시간 = 20230316 18:01:05
[LOG] 모델결과 적재 완료, 기준년월 = 201206, 완료시간 = 20230316 18:01:06, 소요시간 = 0:00:00.576595
[LOG] 스코어링 코드 완료, 기준년월 = 201206, 장르:범죄
[LOG] 스코어링 코드 실행, 기준년월 = 201207, 장르:범죄
[LOG] 분석마트 적재 시작, 기준년월 = 201207, 시작시간 = 20230316 18:02:45
[LOG] 분석마트 적재 완료, 기준년월 = 201207, 완료시간 = 20230316 18:02:51, 소요시간 = 0:00:06.761310, 행수 = 56988, 컬럼 수 = 274
[LOG] 분석마트 전처리 및 인풋마트 적재 시작, 기준년월 = 201207, 시작시간 = 20230316 18:02:51
[LOG] 분석마트 전처리 및 인풋마트 적재 완료, 기준년월 = 201207, 완료시간 = 20230316 18:02:52, 소요시간 = 0:00:00.405826, 행수 = 4749, 컬럼 수 = 274
[LOG] 모델로드 시작, 기준년월 = 201207, 시작시간 = 20230316 18:02:52
[LOG] 모델로드 완료, 기준년월 = 201207, 완료시간 = 20230316 18:02:52, 소요시간 = 0:00:00.640214
[LOG] 모델 예측용 Input_X 형성 시작, 기준년월 = 201207, 시작시간 = 20230316 18:02:52
[LOG] 모델 예측용 Input_X 형성 완료, 기준년월 = 201207, 완료시간 = 20230316 18:02:53, 소요시간 = 0:00:00.125130, 행수:4749, 컬럼 수 = 272
[LOG] 모델예측 시작, 기준년월 = 201207, 시작시간 = 20230316 18:02:53
[LOG] 모델예측 완료, 기준년월 = 201207, 완료시간 = 20230316 18:02:53, 소요시간 = 0:00:00.437076, 결과 데이터 길이 = 4749, 결과 데이터 행수= 3
[LOG] 모델결과 적재시작, 기준년월 = 201207, 시작시간 = 20230316 18:02:53
[LOG] 모델결과 적재 완료, 기준년월 = 201207, 완료시간 = 20230316 18:02:53, 소요시간 = 0:00:00.359072
[LOG] 스코어링 코드 완료, 기준년월 = 201207, 장르:범죄
[LOG] 스코어링 코드 실행, 기준년월 = 201208, 장르:범죄
[LOG] 분석마트 적재 시작, 기준년월 = 201208, 시작시간 = 20230316 18:04:33
[LOG] 분석마트 적재 완료, 기준년월 = 201208, 완료시간 = 20230316 18:04:38, 소요시간 = 0:00:04.405812, 행수 = 56988, 컬럼 수 = 274
[LOG] 분석마트 전처리 및 인풋마트 적재 시작, 기준년월 = 201208, 시작시간 = 20230316 18:04:38
[LOG] 분석마트 전처리 및 인풋마트 적재 완료, 기준년월 = 201208, 완료시간 = 20230316 18:04:38, 소요시간 = 0:00:00.406057, 행수 = 4749, 컬럼 수 = 274
[LOG] 모델로드 시작, 기준년월 = 201208, 시작시간 = 20230316 18:04:38
[LOG] 모델로드 완료, 기준년월 = 201208, 완료시간 = 20230316 18:04:38, 소요시간 = 0:00:00.296186
[LOG] 모델 예측용 Input_X 형성 시작, 기준년월 = 201208, 시작시간 = 20230316 18:04:38
[LOG] 모델 예측용 Input_X 형성 완료, 기준년월 = 201208, 완료시간 = 20230316 18:04:38, 소요시간 = 0:00:00.016702, 행수:4749, 컬럼 수 = 272
[LOG] 모델예측 시작, 기준년월 = 201208, 시작시간 = 20230316 18:04:38
[LOG] 모델예측 완료, 기준년월 = 201208, 완료시간 = 20230316 18:04:39, 소요시간 = 0:00:00.420796, 결과 데이터 길이 = 4749, 결과 데이터 행수= 3
[LOG] 모델결과 적재시작, 기준년월 = 201208, 시작시간 = 20230316 18:04:39
[LOG] 모델결과 적재 완료, 기준년월 = 201208, 완료시간 = 20230316 18:04:39, 소요시간 = 0:00:00.437344
[LOG] 스코어링 코드 완료, 기준년월 = 201208, 장르:범죄
